07:31:12 **** Incremental Build of configuration Debug for project BLINK ****
make all 
Building file: ../blink.c
Invoking: AVR Compiler
avr-gcc -Wall -g2 -gstabs -O0 -fpack-struct -fshort-enums -ffunction-sections -fdata-sections -std=gnu99 -funsigned-char -funsigned-bitfields -mmcu=atmega328p -DF_CPU=16000000UL -MMD -MP -MF"blink.d" -MT"blink.o" -c -o "blink.o" "../blink.c"
In file included from ../blink.c:2:
c:/winavr-20100110/lib/gcc/../../avr/include/util/delay.h:90:3: warning: #warning "Compiler optimizations disabled; functions from <util/delay.h> won't work as designed"
Finished building: ../blink.c
 
Building target: BLINK.elf
Invoking: AVR C Linker
avr-gcc -Wl,-Map,BLINK.map -mmcu=atmega328p -o "BLINK.elf"  ./blink.o   
Finished building target: BLINK.elf
 
Invoking: AVR Create Extended Listing
avr-objdump -h -S BLINK.elf  >"BLINK.lss"
Finished building: BLINK.lss
 
Create Flash image (ihex format)
avr-objcopy -R .eeprom -R .fuse -R .lock -R .signature -O ihex BLINK.elf  "BLINK.hex"
Finished building: BLINK.hex
 
Create eeprom image (ihex format)
avr-objcopy -j .eeprom --no-change-warnings --change-section-lma .eeprom=0 -O ihex BLINK.elf  "BLINK.eep"
Finished building: BLINK.eep
 
Invoking: Print Size
avr-size --format=avr --mcu=atmega328p BLINK.elf
AVR Memory Usage
----------------
Device: atmega328p

Program:    3532 bytes (10.8% Full)
(.text + .data + .bootloader)

Data:          8 bytes (0.4% Full)
(.data + .bss + .noinit)


Finished building: sizedummy
 
Invoking: AVRDude
C:\WinAVR-20100110\bin\avrdude -pm328p -carduino -PCOM3 -Uflash:w:BLINK.hex:a

avrdude: AVR device initialized and ready to accept instructions

Reading | ################################################## | 100% 0.00s

avrdude: Device signature = 0x1e950f
avrdude: NOTE: FLASH memory has been specified, an erase cycle will be performed
         To disable this feature, specify the -D option.
avrdude: erasing chip
avrdude: reading input file "BLINK.hex"
avrdude: input file BLINK.hex auto detected as Intel Hex
avrdude: writing flash (3532 bytes):

Writing | ################################################## | 100% 0.55s

avrdude: 3532 bytes of flash written
avrdude: verifying flash memory against BLINK.hex:
avrdude: load data flash data from input file BLINK.hex:
avrdude: input file BLINK.hex auto detected as Intel Hex
avrdude: input file BLINK.hex contains 3532 bytes
avrdude: reading on-chip flash data:

Reading | ################################################## | 100% 0.43s

avrdude: verifying ...
avrdude: 3532 bytes of flash verified

avrdude done.  Thank you.

Finished building: avrdudedummy
 

07:31:16 Build Finished. 0 errors, 1 warnings. (took 3s.338ms)

