11:02:39 **** Incremental Build of configuration Release for project fib ****
make all 
Building file: ../main.c
Invoking: AVR Compiler
avr-gcc -Wall -Os -fpack-struct -fshort-enums -ffunction-sections -fdata-sections -std=gnu99 -funsigned-char -funsigned-bitfields -mmcu=atmega328p -DF_CPU=16000000UL -MMD -MP -MF"main.d" -MT"main.o" -c -o "main.o" "../main.c"
../main.c: In function 'main':
../main.c:24: warning: unused variable 'rez'
Finished building: ../main.c
 
Building file: ../utils.c
Invoking: AVR Compiler
avr-gcc -Wall -Os -fpack-struct -fshort-enums -ffunction-sections -fdata-sections -std=gnu99 -funsigned-char -funsigned-bitfields -mmcu=atmega328p -DF_CPU=16000000UL -MMD -MP -MF"utils.d" -MT"utils.o" -c -o "utils.o" "../utils.c"
Finished building: ../utils.c
 
Building target: fib.elf
Invoking: AVR C Linker
avr-gcc -Wl,-Map,fib.map -L"C:\Users\Korisnik\Desktop\Filip\GitShieeeet\RSZDMK\Zad7.8\Release" -L"C:\Users\Korisnik\Desktop\Filip\GitShieeeet\RSZDMK\usart\Release" -mmcu=atmega328p -o "fib.elf"  ./main.o ./utils.o   -lusart -lZad7.8
Finished building target: fib.elf
 
Invoking: AVR Create Extended Listing
avr-objdump -h -S fib.elf  >"fib.lss"
Finished building: fib.lss
 
Create Flash image (ihex format)
avr-objcopy -R .eeprom -R .fuse -R .lock -R .signature -O ihex fib.elf  "fib.hex"
Finished building: fib.hex
 
Invoking: Print Size
avr-size --format=avr --mcu=atmega328p fib.elf
AVR Memory Usage
----------------
Device: atmega328p

Program:    2950 bytes (9.0% Full)
(.text + .data + .bootloader)

Data:         83 bytes (4.1% Full)
(.data + .bss + .noinit)


Finished building: sizedummy
 
Invoking: AVRDude
C:\WinAVR-20100110\bin\avrdude -pm328p -carduino -PCOM3 -Uflash:w:fib.hex:a

avrdude: AVR device initialized and ready to accept instructions

Reading | ################################################## | 100% 0.00s

avrdude: Device signature = 0x1e950f
avrdude: NOTE: FLASH memory has been specified, an erase cycle will be performed
         To disable this feature, specify the -D option.
avrdude: erasing chip
avrdude: reading input file "fib.hex"
avrdude: input file fib.hex auto detected as Intel Hex
avrdude: writing flash (2950 bytes):

Writing | ################################################## | 100% 0.47s

avrdude: 2950 bytes of flash written
avrdude: verifying flash memory against fib.hex:
avrdude: load data flash data from input file fib.hex:
avrdude: input file fib.hex auto detected as Intel Hex
avrdude: input file fib.hex contains 2950 bytes
avrdude: reading on-chip flash data:

Reading | ################################################## | 100% 0.37s

avrdude: verifying ...
avrdude: 2950 bytes of flash verified

avrdude done.  Thank you.

Finished building: avrdudedummy
 

11:02:43 Build Finished. 0 errors, 1 warnings. (took 3s.239ms)

