13:27:40 **** Incremental Build of configuration Release for project zad10.2 ****
make all 
Building file: ../main.c
Invoking: AVR Compiler
avr-gcc -Wall -Os -fpack-struct -fshort-enums -ffunction-sections -fdata-sections -std=gnu99 -funsigned-char -funsigned-bitfields -mmcu=atmega328p -DF_CPU=16000000UL -MMD -MP -MF"main.d" -MT"main.o" -c -o "main.o" "../main.c"
../main.c: In function 'main':
../main.c:73: warning: implicit declaration of function 'sprintf'
../main.c:73: warning: incompatible implicit declaration of built-in function 'sprintf'
../main.c:74: warning: pointer targets in passing argument 1 of 'usartPutString' differ in signedness
../main.c: In function 'SumGeo':
../main.c:38: warning: 'i' may be used uninitialized in this function
Finished building: ../main.c
 
Building target: zad10.2.elf
Invoking: AVR C Linker
avr-gcc -Wl,-Map,zad10.2.map -L"C:\Users\Korisnik\Desktop\Filip\GitShieeeet\RSZDMK\timer0\Release" -L"C:\Users\Korisnik\Desktop\Filip\GitShieeeet\RSZDMK\PLS7\Release" -L"C:\Users\Korisnik\Desktop\Filip\GitShieeeet\RSZDMK\usart\Release" -mmcu=atmega328p -o "zad10.2.elf"  ./main.o   -ltimer0 -lPLS7 -lusart
C:\Users\Korisnik\Desktop\Filip\GitShieeeet\RSZDMK\usart\Release\libusart.a(usart.o): In function `usartPutString':
usart.c:(.text.usartPutString+0x0): multiple definition of `usartPutString'
./main.o:main.c:(.text.usartPutString+0x0): first defined here
c:/winavr-20100110/bin/../lib/gcc/avr/4.3.3/../../../../avr/lib/avr5\libc.a(inverse.o): In function `inverse':
(.text.avr-libc.fplib+0xc): relocation truncated to fit: R_AVR_13_PCREL against symbol `__divsf3' defined in .text section in c:/winavr-20100110/bin/../lib/gcc/avr/4.3.3/avr5\libgcc.a(_div_sf.o)
c:/winavr-20100110/bin/../lib/gcc/avr/4.3.3/../../../../avr/lib/avr5\libc.a(log.o): In function `log':
(.text.avr-libc.fplib+0x46): relocation truncated to fit: R_AVR_13_PCREL against symbol `__addsf3' defined in .text section in c:/winavr-20100110/bin/../lib/gcc/avr/4.3.3/avr5\libgcc.a(_addsub_sf.o)
c:/winavr-20100110/bin/../lib/gcc/avr/4.3.3/../../../../avr/lib/avr5\libc.a(log.o): In function `log':
(.text.avr-libc.fplib+0x4e): relocation truncated to fit: R_AVR_13_PCREL against symbol `__addsf3' defined in .text section in c:/winavr-20100110/bin/../lib/gcc/avr/4.3.3/avr5\libgcc.a(_addsub_sf.o)
c:/winavr-20100110/bin/../lib/gcc/avr/4.3.3/../../../../avr/lib/avr5\libc.a(log.o): In function `log':
(.text.avr-libc.fplib+0x6a): relocation truncated to fit: R_AVR_13_PCREL against symbol `__floatsisf' defined in .text section in c:/winavr-20100110/bin/../lib/gcc/avr/4.3.3/avr5\libgcc.a(_si_to_sf.o)
c:/winavr-20100110/bin/../lib/gcc/avr/4.3.3/../../../../avr/lib/avr5\libc.a(modf.o): In function `modff':
(.text.avr-libc.fplib+0x3e): relocation truncated to fit: R_AVR_13_PCREL against symbol `__subsf3' defined in .text section in c:/winavr-20100110/bin/../lib/gcc/avr/4.3.3/avr5\libgcc.a(_addsub_sf.o)
make: *** [zad10.2.elf] Error 1
"make all" terminated with exit code 2. Build might be incomplete.
