19:42:23 **** Build of configuration Release for project vezba11 ****
make all 
Invoking: Print Size
avr-size --format=avr --mcu=atmega328p vezba11.elf
AVR Memory Usage
----------------
Device: atmega328p

Program:     626 bytes (1.9% Full)
(.text + .data + .bootloader)

Data:         22 bytes (1.1% Full)
(.data + .bss + .noinit)


Finished building: sizedummy
 
Invoking: AVRDude
C:\WinAVR-20100110\bin\avrdude -pm328p -carduino -PCOM3 -Uflash:w:vezba11.hex:a

avrdude: AVR device initialized and ready to accept instructions

Reading | ################################################## | 100% 0.00s

avrdude: Device signature = 0x1e950f
avrdude: NOTE: FLASH memory has been specified, an erase cycle will be performed
         To disable this feature, specify the -D option.
avrdude: erasing chip
avrdude: reading input file "vezba11.hex"
avrdude: input file vezba11.hex auto detected as Intel Hex
avrdude: writing flash (626 bytes):

Writing | ################################################## | 100% 0.10s

avrdude: 626 bytes of flash written
avrdude: verifying flash memory against vezba11.hex:
avrdude: load data flash data from input file vezba11.hex:
avrdude: input file vezba11.hex auto detected as Intel Hex
avrdude: input file vezba11.hex contains 626 bytes
avrdude: reading on-chip flash data:

Reading | ################################################## | 100% 0.07s

avrdude: verifying ...
avrdude: 626 bytes of flash verified

avrdude done.  Thank you.

Finished building: avrdudedummy
 

19:42:26 Build Finished. 0 errors, 0 warnings. (took 2s.291ms)

