15:53:44 **** Incremental Build of configuration Release for project vjezba4 ****
make all 
Invoking: Print Size
avr-size --format=avr --mcu=atmega328p vjezba4.elf
AVR Memory Usage
----------------
Device: atmega328p

Program:    1278 bytes (3.9% Full)
(.text + .data + .bootloader)

Data:          4 bytes (0.2% Full)
(.data + .bss + .noinit)


Finished building: sizedummy
 
Invoking: AVRDude
C:\WinAVR-20100110\bin\avrdude -pm328p -carduino -PCOM3 -Uflash:w:vjezba4.hex:a

avrdude: AVR device initialized and ready to accept instructions

Reading | ################################################## | 100% 0.00s

avrdude: Device signature = 0x1e950f
avrdude: NOTE: FLASH memory has been specified, an erase cycle will be performed
         To disable this feature, specify the -D option.
avrdude: erasing chip
avrdude: reading input file "vjezba4.hex"
avrdude: input file vjezba4.hex auto detected as Intel Hex
avrdude: writing flash (1278 bytes):

Writing | ################################################## | 100% 0.20s

avrdude: 1278 bytes of flash written
avrdude: verifying flash memory against vjezba4.hex:
avrdude: load data flash data from input file vjezba4.hex:
avrdude: input file vjezba4.hex auto detected as Intel Hex
avrdude: input file vjezba4.hex contains 1278 bytes
avrdude: reading on-chip flash data:

Reading | ################################################## | 100% 0.15s

avrdude: verifying ...
avrdude: 1278 bytes of flash verified

avrdude done.  Thank you.

Finished building: avrdudedummy
 

15:53:46 Build Finished. 0 errors, 0 warnings. (took 2s.271ms)

