09:35:29 **** Incremental Build of configuration Release for project Vjezbica ****
make all 
Building file: ../main.c
Invoking: AVR Compiler
avr-gcc -Wall -Os -fpack-struct -fshort-enums -ffunction-sections -fdata-sections -std=gnu99 -funsigned-char -funsigned-bitfields -mmcu=atmega328p -DF_CPU=16000000UL -MMD -MP -MF"main.d" -MT"main.o" -c -o "main.o" "../main.c"
../main.c: In function 'main':
../main.c:36: warning: passing argument 1 of 'usartGetString' discards qualifiers from pointer target type
../main.c:54: warning: passing argument 1 of 'sprintf' discards qualifiers from pointer target type
../main.c:55: warning: passing argument 1 of 'usartPutString' discards qualifiers from pointer target type
../main.c:24: warning: unused variable 'tacno'
../main.c:22: warning: unused variable 'rez'
Finished building: ../main.c
 
Building target: Vjezbica.elf
Invoking: AVR C Linker
avr-gcc -Wl,-Map,Vjezbica.map -L"C:\Users\Korisnik\Desktop\Filip\GitShieeeet\RSZDMK\usart\Release" -mmcu=atmega328p -o "Vjezbica.elf"  ./main.o   -lusart
Finished building target: Vjezbica.elf
 
Invoking: AVR Create Extended Listing
avr-objdump -h -S Vjezbica.elf  >"Vjezbica.lss"
Finished building: Vjezbica.lss
 
Create Flash image (ihex format)
avr-objcopy -R .eeprom -R .fuse -R .lock -R .signature -O ihex Vjezbica.elf  "Vjezbica.hex"
Finished building: Vjezbica.hex
 
Invoking: Print Size
avr-size --format=avr --mcu=atmega328p Vjezbica.elf
AVR Memory Usage
----------------
Device: atmega328p

Program:    2576 bytes (7.9% Full)
(.text + .data + .bootloader)

Data:        121 bytes (5.9% Full)
(.data + .bss + .noinit)


Finished building: sizedummy
 
Invoking: AVRDude
C:\WinAVR-20100110\bin\avrdude -pm328p -carduino -PCOM3 -Uflash:w:Vjezbica.hex:a

avrdude: AVR device initialized and ready to accept instructions

Reading | ################################################## | 100% 0.00s

avrdude: Device signature = 0x1e950f
avrdude: NOTE: FLASH memory has been specified, an erase cycle will be performed
         To disable this feature, specify the -D option.
avrdude: erasing chip
avrdude: reading input file "Vjezbica.hex"
avrdude: input file Vjezbica.hex auto detected as Intel Hex
avrdude: writing flash (2576 bytes):

Writing | ################################################## | 100% 0.41s

avrdude: 2576 bytes of flash written
avrdude: verifying flash memory against Vjezbica.hex:
avrdude: load data flash data from input file Vjezbica.hex:
avrdude: input file Vjezbica.hex auto detected as Intel Hex
avrdude: input file Vjezbica.hex contains 2576 bytes
avrdude: reading on-chip flash data:

Reading | ################################################## | 100% 0.31s

avrdude: verifying ...
avrdude: 2576 bytes of flash verified

avrdude done.  Thank you.

Finished building: avrdudedummy
 

09:35:32 Build Finished. 0 errors, 5 warnings. (took 3s.355ms)

