15:53:47 **** Incremental Build of configuration Release for project zad5 ****
make all 
Invoking: Print Size
avr-size --format=avr --mcu=atmega328p zad5.elf
AVR Memory Usage
----------------
Device: atmega328p

Program:    2900 bytes (8.9% Full)
(.text + .data + .bootloader)

Data:        113 bytes (5.5% Full)
(.data + .bss + .noinit)


Finished building: sizedummy
 
Invoking: AVRDude
C:\WinAVR-20100110\bin\avrdude -pm328p -carduino -PCOM3 -Uflash:w:zad5.hex:a

avrdude: AVR device initialized and ready to accept instructions

Reading | ################################################## | 100% 0.00s

avrdude: Device signature = 0x1e950f
avrdude: NOTE: FLASH memory has been specified, an erase cycle will be performed
         To disable this feature, specify the -D option.
avrdude: erasing chip
avrdude: reading input file "zad5.hex"
avrdude: input file zad5.hex auto detected as Intel Hex
avrdude: writing flash (2900 bytes):

Writing | ################################################## | 100% 0.44s

avrdude: 2900 bytes of flash written
avrdude: verifying flash memory against zad5.hex:
avrdude: load data flash data from input file zad5.hex:
avrdude: input file zad5.hex auto detected as Intel Hex
avrdude: input file zad5.hex contains 2900 bytes
avrdude: reading on-chip flash data:

Reading | ################################################## | 100% 0.35s

avrdude: verifying ...
avrdude: 2900 bytes of flash verified

avrdude done.  Thank you.

Finished building: avrdudedummy
 

15:53:49 Build Finished. 0 errors, 0 warnings. (took 2s.729ms)

