15:53:33 **** Incremental Build of configuration Debug for project Zad7.6 ****
make all 
Invoking: Print Size
avr-size --format=avr --mcu=atmega328p Zad7.6.elf
AVR Memory Usage
----------------
Device: atmega328p

Program:    5528 bytes (16.9% Full)
(.text + .data + .bootloader)

Data:         81 bytes (4.0% Full)
(.data + .bss + .noinit)


Finished building: sizedummy
 
Invoking: AVRDude
C:\WinAVR-20100110\bin\avrdude -pm328p -carduino -PCOM3 -Uflash:w:Zad7.6.hex:a

avrdude: AVR device initialized and ready to accept instructions

Reading | ################################################## | 100% 0.00s

avrdude: Device signature = 0x1e950f
avrdude: NOTE: FLASH memory has been specified, an erase cycle will be performed
         To disable this feature, specify the -D option.
avrdude: erasing chip
avrdude: reading input file "Zad7.6.hex"
avrdude: input file Zad7.6.hex auto detected as Intel Hex
avrdude: writing flash (5528 bytes):

Writing | ################################################## | 100% 0.86s

avrdude: 5528 bytes of flash written
avrdude: verifying flash memory against Zad7.6.hex:
avrdude: load data flash data from input file Zad7.6.hex:
avrdude: input file Zad7.6.hex auto detected as Intel Hex
avrdude: input file Zad7.6.hex contains 5528 bytes
avrdude: reading on-chip flash data:

Reading | ################################################## | 100% 0.65s

avrdude: verifying ...
avrdude: 5528 bytes of flash verified

avrdude done.  Thank you.

Finished building: avrdudedummy
 

15:53:37 Build Finished. 0 errors, 0 warnings. (took 3s.458ms)

