15:53:31 **** Incremental Build of configuration Release for project Zad7.4 ****
make all 
Invoking: Print Size
avr-size --format=avr --mcu=atmega328p Zad7.4.elf
AVR Memory Usage
----------------
Device: atmega328p

Program:    2294 bytes (7.0% Full)
(.text + .data + .bootloader)

Data:         79 bytes (3.9% Full)
(.data + .bss + .noinit)


Finished building: sizedummy
 
Invoking: AVRDude
C:\WinAVR-20100110\bin\avrdude -pm328p -carduino -PCOM3 -Uflash:w:Zad7.4.hex:a

avrdude: AVR device initialized and ready to accept instructions

Reading | ################################################## | 100% 0.00s

avrdude: Device signature = 0x1e950f
avrdude: NOTE: FLASH memory has been specified, an erase cycle will be performed
         To disable this feature, specify the -D option.
avrdude: erasing chip
avrdude: reading input file "Zad7.4.hex"
avrdude: input file Zad7.4.hex auto detected as Intel Hex
avrdude: writing flash (2294 bytes):

Writing | ################################################## | 100% 0.36s

avrdude: 2294 bytes of flash written
avrdude: verifying flash memory against Zad7.4.hex:
avrdude: load data flash data from input file Zad7.4.hex:
avrdude: input file Zad7.4.hex auto detected as Intel Hex
avrdude: input file Zad7.4.hex contains 2294 bytes
avrdude: reading on-chip flash data:

Reading | ################################################## | 100% 0.27s

avrdude: verifying ...
avrdude: 2294 bytes of flash verified

avrdude done.  Thank you.

Finished building: avrdudedummy
 

15:53:33 Build Finished. 0 errors, 0 warnings. (took 2s.533ms)

